[0m12:00:40.543580 [debug] [MainThread]: Sending event: {'category': 'dbt', 'action': 'invocation', 'label': 'start', 'context': [<snowplow_tracker.self_describing_json.SelfDescribingJson object at 0x0000023CF54EB400>, <snowplow_tracker.self_describing_json.SelfDescribingJson object at 0x0000023CF8097370>, <snowplow_tracker.self_describing_json.SelfDescribingJson object at 0x0000023CF8097400>]}


============================== 12:00:40.546876 | e8e24c10-8cbe-477c-847c-91ed9cbfba8f ==============================
[0m12:00:40.546876 [info ] [MainThread]: Running with dbt=1.7.8
[0m12:00:40.547837 [debug] [MainThread]: running dbt with arguments {'printer_width': '80', 'indirect_selection': 'eager', 'write_json': 'True', 'log_cache_events': 'False', 'partial_parse': 'True', 'cache_selected_only': 'False', 'profiles_dir': 'C:\\Users\\ZH6464\\.dbt', 'version_check': 'True', 'fail_fast': 'False', 'log_path': 'logs', 'warn_error': 'None', 'debug': 'False', 'use_colors': 'True', 'use_experimental_parser': 'False', 'no_print': 'None', 'quiet': 'False', 'warn_error_options': 'WarnErrorOptions(include=[], exclude=[])', 'introspect': 'True', 'log_format': 'default', 'static_parser': 'True', 'target_path': 'None', 'invocation_command': 'dbt init dbt-tutorial', 'send_anonymous_usage_stats': 'True'}
[0m12:01:52.903256 [debug] [MainThread]: Starter project path: C:\Users\ZH6464\AppData\Local\Programs\Python\Python38\lib\site-packages\dbt\include\starter_project
[0m12:01:52.935681 [info ] [MainThread]: 
Your new dbt project "dtb_tutorial" was created!

For more information on how to configure the profiles.yml file,
please consult the dbt documentation here:

  https://docs.getdbt.com/docs/configure-your-profile

One more thing:

Need help? Don't hesitate to reach out to us via GitHub issues or on Slack:

  https://community.getdbt.com/

Happy modeling!

[0m12:01:52.936760 [info ] [MainThread]: Setting up your profile.
[0m12:02:44.484953 [info ] [MainThread]: Profile dtb_tutorial written to C:\Users\ZH6464\.dbt\profiles.yml using target's profile_template.yml and your supplied values. Run 'dbt debug' to validate the connection.
[0m12:02:44.486767 [debug] [MainThread]: Command `dbt init` succeeded at 12:02:44.485756 after 123.95 seconds
[0m12:02:44.486767 [debug] [MainThread]: Sending event: {'category': 'dbt', 'action': 'invocation', 'label': 'end', 'context': [<snowplow_tracker.self_describing_json.SelfDescribingJson object at 0x0000023CF54EB400>, <snowplow_tracker.self_describing_json.SelfDescribingJson object at 0x0000023CF80C75E0>, <snowplow_tracker.self_describing_json.SelfDescribingJson object at 0x0000023CF80C78B0>]}
[0m12:02:44.488767 [debug] [MainThread]: Flushing usage events
[0m12:02:44.880343 [debug] [MainThread]: Error sending anonymous usage statistics. Disabling tracking for this execution. If you wish to permanently disable tracking, see: https://docs.getdbt.com/reference/global-configs#send-anonymous-usage-stats.
